<?xml version="1.0" encoding="UTF-8"?>
<!-- Generated by org.testng.reporters.JUnitXMLReporter -->
<testsuite hostname="maisis-p119" name="DomainObjectFactoryTests" tests="13" failures="0" timestamp="14 Jan 2015 14:58:15 GMT" time="2.286" errors="0">
  <testcase name="testSearchIDEqual" time="0.177" classname="com.github.vsspt.common.db.impl.hibernate.tests.GenericDaoObjTest"/>
  <testcase name="testSearchLt" time="0.009" classname="com.github.vsspt.common.db.impl.hibernate.tests.GenericDaoObjTest"/>
  <testcase name="testSearchLe" time="0.008" classname="com.github.vsspt.common.db.impl.hibernate.tests.GenericDaoObjTest"/>
  <testcase name="testSearchGt" time="0.012" classname="com.github.vsspt.common.db.impl.hibernate.tests.GenericDaoObjTest"/>
  <testcase name="testSearchGe" time="0.019" classname="com.github.vsspt.common.db.impl.hibernate.tests.GenericDaoObjTest"/>
  <testcase name="testMaxRecords" time="0.02" classname="com.github.vsspt.common.db.impl.hibernate.tests.GenericDaoObjTest"/>
  <testcase name="testFirstRecords" time="0.008" classname="com.github.vsspt.common.db.impl.hibernate.tests.GenericDaoObjTest"/>
  <testcase name="testPaging" time="0.027" classname="com.github.vsspt.common.db.impl.hibernate.tests.GenericDaoObjTest"/>
  <testcase name="testAnd" time="0.012" classname="com.github.vsspt.common.db.impl.hibernate.tests.GenericDaoObjTest"/>
  <testcase name="testOr" time="0.007" classname="com.github.vsspt.common.db.impl.hibernate.tests.GenericDaoObjTest"/>
  <testcase name="testBetween" time="0.01" classname="com.github.vsspt.common.db.impl.hibernate.tests.GenericDaoObjTest"/>
  <testcase name="testDisjunction" time="0.01" classname="com.github.vsspt.common.db.impl.hibernate.tests.GenericDaoObjTest"/>
  <testcase name="testLike" time="0.014" classname="com.github.vsspt.common.db.impl.hibernate.tests.GenericDaoObjTest"/>
</testsuite> <!-- DomainObjectFactoryTests -->
