<?xml version="1.0" encoding="UTF-8"?>
<testng-results skipped="0" failed="0" total="13" passed="13">
  <reporter-output>
  </reporter-output>
  <suite name="db-dao-generic-impl-hibernate" duration-ms="2286" started-at="2015-01-14T14:58:12Z" finished-at="2015-01-14T14:58:15Z">
    <groups>
    </groups>
    <test name="DomainObjectFactoryTests" duration-ms="2286" started-at="2015-01-14T14:58:12Z" finished-at="2015-01-14T14:58:15Z">
      <class name="com.github.vsspt.common.db.impl.hibernate.tests.GenericDaoObjTest">
        <test-method status="PASS" signature="springTestContextPrepareTestInstance()[pri:0, instance:com.github.vsspt.common.db.impl.hibernate.tests.GenericDaoObjTest@491cc5c9]" name="springTestContextPrepareTestInstance" is-config="true" duration-ms="1911" started-at="2015-01-14T14:58:12Z" depends-on-methods="org.springframework.test.context.testng.AbstractTestNGSpringContextTests.springTestContextBeforeTestClass" finished-at="2015-01-14T14:58:14Z">
          <reporter-output>
          </reporter-output>
        </test-method> <!-- springTestContextPrepareTestInstance -->
        <test-method status="PASS" signature="springTestContextBeforeTestClass()[pri:0, instance:com.github.vsspt.common.db.impl.hibernate.tests.GenericDaoObjTest@491cc5c9]" name="springTestContextBeforeTestClass" is-config="true" duration-ms="0" started-at="2015-01-14T14:58:12Z" finished-at="2015-01-14T14:58:12Z">
          <reporter-output>
          </reporter-output>
        </test-method> <!-- springTestContextBeforeTestClass -->
        <test-method status="PASS" signature="testSearchIDEqual()[pri:0, instance:com.github.vsspt.common.db.impl.hibernate.tests.GenericDaoObjTest@491cc5c9]" name="testSearchIDEqual" duration-ms="177" started-at="2015-01-14T14:58:14Z" finished-at="2015-01-14T14:58:15Z">
          <reporter-output>
          </reporter-output>
        </test-method> <!-- testSearchIDEqual -->
        <test-method status="PASS" signature="springTestContextBeforeTestMethod(java.lang.reflect.Method)[pri:0, instance:com.github.vsspt.common.db.impl.hibernate.tests.GenericDaoObjTest@491cc5c9]" name="springTestContextBeforeTestMethod" is-config="true" duration-ms="0" started-at="2015-01-14T14:58:14Z" finished-at="2015-01-14T14:58:14Z">
          <params>
            <param index="0">
              <value>
                <![CDATA[public void com.github.vsspt.common.db.impl.hibernate.tests.GenericDaoObjTest.testSearchIDEqual()]]>
              </value>
            </param>
          </params>
          <reporter-output>
          </reporter-output>
        </test-method> <!-- springTestContextBeforeTestMethod -->
        <test-method status="PASS" signature="springTestContextAfterTestMethod(java.lang.reflect.Method)[pri:0, instance:com.github.vsspt.common.db.impl.hibernate.tests.GenericDaoObjTest@491cc5c9]" name="springTestContextAfterTestMethod" is-config="true" duration-ms="6" started-at="2015-01-14T14:58:15Z" finished-at="2015-01-14T14:58:15Z">
          <params>
            <param index="0">
              <value>
                <![CDATA[public void com.github.vsspt.common.db.impl.hibernate.tests.GenericDaoObjTest.testSearchIDEqual()]]>
              </value>
            </param>
          </params>
          <reporter-output>
          </reporter-output>
        </test-method> <!-- springTestContextAfterTestMethod -->
        <test-method status="PASS" signature="springTestContextBeforeTestMethod(java.lang.reflect.Method)[pri:0, instance:com.github.vsspt.common.db.impl.hibernate.tests.GenericDaoObjTest@491cc5c9]" name="springTestContextBeforeTestMethod" is-config="true" duration-ms="1" started-at="2015-01-14T14:58:15Z" finished-at="2015-01-14T14:58:15Z">
          <params>
            <param index="0">
              <value>
                <![CDATA[public void com.github.vsspt.common.db.impl.hibernate.tests.GenericDaoObjTest.testSearchLt()]]>
              </value>
            </param>
          </params>
          <reporter-output>
          </reporter-output>
        </test-method> <!-- springTestContextBeforeTestMethod -->
        <test-method status="PASS" signature="testSearchLt()[pri:0, instance:com.github.vsspt.common.db.impl.hibernate.tests.GenericDaoObjTest@491cc5c9]" name="testSearchLt" duration-ms="9" started-at="2015-01-14T14:58:15Z" finished-at="2015-01-14T14:58:15Z">
          <reporter-output>
          </reporter-output>
        </test-method> <!-- testSearchLt -->
        <test-method status="PASS" signature="springTestContextAfterTestMethod(java.lang.reflect.Method)[pri:0, instance:com.github.vsspt.common.db.impl.hibernate.tests.GenericDaoObjTest@491cc5c9]" name="springTestContextAfterTestMethod" is-config="true" duration-ms="1" started-at="2015-01-14T14:58:15Z" finished-at="2015-01-14T14:58:15Z">
          <params>
            <param index="0">
              <value>
                <![CDATA[public void com.github.vsspt.common.db.impl.hibernate.tests.GenericDaoObjTest.testSearchLt()]]>
              </value>
            </param>
          </params>
          <reporter-output>
          </reporter-output>
        </test-method> <!-- springTestContextAfterTestMethod -->
        <test-method status="PASS" signature="springTestContextBeforeTestMethod(java.lang.reflect.Method)[pri:0, instance:com.github.vsspt.common.db.impl.hibernate.tests.GenericDaoObjTest@491cc5c9]" name="springTestContextBeforeTestMethod" is-config="true" duration-ms="1" started-at="2015-01-14T14:58:15Z" finished-at="2015-01-14T14:58:15Z">
          <params>
            <param index="0">
              <value>
                <![CDATA[public void com.github.vsspt.common.db.impl.hibernate.tests.GenericDaoObjTest.testSearchLe()]]>
              </value>
            </param>
          </params>
          <reporter-output>
          </reporter-output>
        </test-method> <!-- springTestContextBeforeTestMethod -->
        <test-method status="PASS" signature="testSearchLe()[pri:0, instance:com.github.vsspt.common.db.impl.hibernate.tests.GenericDaoObjTest@491cc5c9]" name="testSearchLe" duration-ms="8" started-at="2015-01-14T14:58:15Z" finished-at="2015-01-14T14:58:15Z">
          <reporter-output>
          </reporter-output>
        </test-method> <!-- testSearchLe -->
        <test-method status="PASS" signature="springTestContextAfterTestMethod(java.lang.reflect.Method)[pri:0, instance:com.github.vsspt.common.db.impl.hibernate.tests.GenericDaoObjTest@491cc5c9]" name="springTestContextAfterTestMethod" is-config="true" duration-ms="0" started-at="2015-01-14T14:58:15Z" finished-at="2015-01-14T14:58:15Z">
          <params>
            <param index="0">
              <value>
                <![CDATA[public void com.github.vsspt.common.db.impl.hibernate.tests.GenericDaoObjTest.testSearchLe()]]>
              </value>
            </param>
          </params>
          <reporter-output>
          </reporter-output>
        </test-method> <!-- springTestContextAfterTestMethod -->
        <test-method status="PASS" signature="springTestContextBeforeTestMethod(java.lang.reflect.Method)[pri:0, instance:com.github.vsspt.common.db.impl.hibernate.tests.GenericDaoObjTest@491cc5c9]" name="springTestContextBeforeTestMethod" is-config="true" duration-ms="1" started-at="2015-01-14T14:58:15Z" finished-at="2015-01-14T14:58:15Z">
          <params>
            <param index="0">
              <value>
                <![CDATA[public void com.github.vsspt.common.db.impl.hibernate.tests.GenericDaoObjTest.testSearchGt()]]>
              </value>
            </param>
          </params>
          <reporter-output>
          </reporter-output>
        </test-method> <!-- springTestContextBeforeTestMethod -->
        <test-method status="PASS" signature="testSearchGt()[pri:0, instance:com.github.vsspt.common.db.impl.hibernate.tests.GenericDaoObjTest@491cc5c9]" name="testSearchGt" duration-ms="12" started-at="2015-01-14T14:58:15Z" finished-at="2015-01-14T14:58:15Z">
          <reporter-output>
          </reporter-output>
        </test-method> <!-- testSearchGt -->
        <test-method status="PASS" signature="springTestContextAfterTestMethod(java.lang.reflect.Method)[pri:0, instance:com.github.vsspt.common.db.impl.hibernate.tests.GenericDaoObjTest@491cc5c9]" name="springTestContextAfterTestMethod" is-config="true" duration-ms="2" started-at="2015-01-14T14:58:15Z" finished-at="2015-01-14T14:58:15Z">
          <params>
            <param index="0">
              <value>
                <![CDATA[public void com.github.vsspt.common.db.impl.hibernate.tests.GenericDaoObjTest.testSearchGt()]]>
              </value>
            </param>
          </params>
          <reporter-output>
          </reporter-output>
        </test-method> <!-- springTestContextAfterTestMethod -->
        <test-method status="PASS" signature="springTestContextBeforeTestMethod(java.lang.reflect.Method)[pri:0, instance:com.github.vsspt.common.db.impl.hibernate.tests.GenericDaoObjTest@491cc5c9]" name="springTestContextBeforeTestMethod" is-config="true" duration-ms="0" started-at="2015-01-14T14:58:15Z" finished-at="2015-01-14T14:58:15Z">
          <params>
            <param index="0">
              <value>
                <![CDATA[public void com.github.vsspt.common.db.impl.hibernate.tests.GenericDaoObjTest.testSearchGe()]]>
              </value>
            </param>
          </params>
          <reporter-output>
          </reporter-output>
        </test-method> <!-- springTestContextBeforeTestMethod -->
        <test-method status="PASS" signature="testSearchGe()[pri:0, instance:com.github.vsspt.common.db.impl.hibernate.tests.GenericDaoObjTest@491cc5c9]" name="testSearchGe" duration-ms="19" started-at="2015-01-14T14:58:15Z" finished-at="2015-01-14T14:58:15Z">
          <reporter-output>
          </reporter-output>
        </test-method> <!-- testSearchGe -->
        <test-method status="PASS" signature="springTestContextBeforeTestMethod(java.lang.reflect.Method)[pri:0, instance:com.github.vsspt.common.db.impl.hibernate.tests.GenericDaoObjTest@491cc5c9]" name="springTestContextBeforeTestMethod" is-config="true" duration-ms="1" started-at="2015-01-14T14:58:15Z" finished-at="2015-01-14T14:58:15Z">
          <params>
            <param index="0">
              <value>
                <![CDATA[public void com.github.vsspt.common.db.impl.hibernate.tests.GenericDaoObjTest.testMaxRecords()]]>
              </value>
            </param>
          </params>
          <reporter-output>
          </reporter-output>
        </test-method> <!-- springTestContextBeforeTestMethod -->
        <test-method status="PASS" signature="springTestContextAfterTestMethod(java.lang.reflect.Method)[pri:0, instance:com.github.vsspt.common.db.impl.hibernate.tests.GenericDaoObjTest@491cc5c9]" name="springTestContextAfterTestMethod" is-config="true" duration-ms="0" started-at="2015-01-14T14:58:15Z" finished-at="2015-01-14T14:58:15Z">
          <params>
            <param index="0">
              <value>
                <![CDATA[public void com.github.vsspt.common.db.impl.hibernate.tests.GenericDaoObjTest.testSearchGe()]]>
              </value>
            </param>
          </params>
          <reporter-output>
          </reporter-output>
        </test-method> <!-- springTestContextAfterTestMethod -->
        <test-method status="PASS" signature="testMaxRecords()[pri:0, instance:com.github.vsspt.common.db.impl.hibernate.tests.GenericDaoObjTest@491cc5c9]" name="testMaxRecords" duration-ms="20" started-at="2015-01-14T14:58:15Z" finished-at="2015-01-14T14:58:15Z">
          <reporter-output>
          </reporter-output>
        </test-method> <!-- testMaxRecords -->
        <test-method status="PASS" signature="springTestContextBeforeTestMethod(java.lang.reflect.Method)[pri:0, instance:com.github.vsspt.common.db.impl.hibernate.tests.GenericDaoObjTest@491cc5c9]" name="springTestContextBeforeTestMethod" is-config="true" duration-ms="1" started-at="2015-01-14T14:58:15Z" finished-at="2015-01-14T14:58:15Z">
          <params>
            <param index="0">
              <value>
                <![CDATA[public void com.github.vsspt.common.db.impl.hibernate.tests.GenericDaoObjTest.testFirstRecords()]]>
              </value>
            </param>
          </params>
          <reporter-output>
          </reporter-output>
        </test-method> <!-- springTestContextBeforeTestMethod -->
        <test-method status="PASS" signature="springTestContextAfterTestMethod(java.lang.reflect.Method)[pri:0, instance:com.github.vsspt.common.db.impl.hibernate.tests.GenericDaoObjTest@491cc5c9]" name="springTestContextAfterTestMethod" is-config="true" duration-ms="0" started-at="2015-01-14T14:58:15Z" finished-at="2015-01-14T14:58:15Z">
          <params>
            <param index="0">
              <value>
                <![CDATA[public void com.github.vsspt.common.db.impl.hibernate.tests.GenericDaoObjTest.testMaxRecords()]]>
              </value>
            </param>
          </params>
          <reporter-output>
          </reporter-output>
        </test-method> <!-- springTestContextAfterTestMethod -->
        <test-method status="PASS" signature="testFirstRecords()[pri:0, instance:com.github.vsspt.common.db.impl.hibernate.tests.GenericDaoObjTest@491cc5c9]" name="testFirstRecords" duration-ms="8" started-at="2015-01-14T14:58:15Z" finished-at="2015-01-14T14:58:15Z">
          <reporter-output>
          </reporter-output>
        </test-method> <!-- testFirstRecords -->
        <test-method status="PASS" signature="springTestContextAfterTestMethod(java.lang.reflect.Method)[pri:0, instance:com.github.vsspt.common.db.impl.hibernate.tests.GenericDaoObjTest@491cc5c9]" name="springTestContextAfterTestMethod" is-config="true" duration-ms="1" started-at="2015-01-14T14:58:15Z" finished-at="2015-01-14T14:58:15Z">
          <params>
            <param index="0">
              <value>
                <![CDATA[public void com.github.vsspt.common.db.impl.hibernate.tests.GenericDaoObjTest.testFirstRecords()]]>
              </value>
            </param>
          </params>
          <reporter-output>
          </reporter-output>
        </test-method> <!-- springTestContextAfterTestMethod -->
        <test-method status="PASS" signature="springTestContextBeforeTestMethod(java.lang.reflect.Method)[pri:0, instance:com.github.vsspt.common.db.impl.hibernate.tests.GenericDaoObjTest@491cc5c9]" name="springTestContextBeforeTestMethod" is-config="true" duration-ms="0" started-at="2015-01-14T14:58:15Z" finished-at="2015-01-14T14:58:15Z">
          <params>
            <param index="0">
              <value>
                <![CDATA[public void com.github.vsspt.common.db.impl.hibernate.tests.GenericDaoObjTest.testPaging()]]>
              </value>
            </param>
          </params>
          <reporter-output>
          </reporter-output>
        </test-method> <!-- springTestContextBeforeTestMethod -->
        <test-method status="PASS" signature="testPaging()[pri:0, instance:com.github.vsspt.common.db.impl.hibernate.tests.GenericDaoObjTest@491cc5c9]" name="testPaging" duration-ms="27" started-at="2015-01-14T14:58:15Z" finished-at="2015-01-14T14:58:15Z">
          <reporter-output>
          </reporter-output>
        </test-method> <!-- testPaging -->
        <test-method status="PASS" signature="springTestContextAfterTestMethod(java.lang.reflect.Method)[pri:0, instance:com.github.vsspt.common.db.impl.hibernate.tests.GenericDaoObjTest@491cc5c9]" name="springTestContextAfterTestMethod" is-config="true" duration-ms="0" started-at="2015-01-14T14:58:15Z" finished-at="2015-01-14T14:58:15Z">
          <params>
            <param index="0">
              <value>
                <![CDATA[public void com.github.vsspt.common.db.impl.hibernate.tests.GenericDaoObjTest.testPaging()]]>
              </value>
            </param>
          </params>
          <reporter-output>
          </reporter-output>
        </test-method> <!-- springTestContextAfterTestMethod -->
        <test-method status="PASS" signature="testAnd()[pri:0, instance:com.github.vsspt.common.db.impl.hibernate.tests.GenericDaoObjTest@491cc5c9]" name="testAnd" duration-ms="12" started-at="2015-01-14T14:58:15Z" finished-at="2015-01-14T14:58:15Z">
          <reporter-output>
          </reporter-output>
        </test-method> <!-- testAnd -->
        <test-method status="PASS" signature="springTestContextBeforeTestMethod(java.lang.reflect.Method)[pri:0, instance:com.github.vsspt.common.db.impl.hibernate.tests.GenericDaoObjTest@491cc5c9]" name="springTestContextBeforeTestMethod" is-config="true" duration-ms="0" started-at="2015-01-14T14:58:15Z" finished-at="2015-01-14T14:58:15Z">
          <params>
            <param index="0">
              <value>
                <![CDATA[public void com.github.vsspt.common.db.impl.hibernate.tests.GenericDaoObjTest.testAnd() throws java.text.ParseException]]>
              </value>
            </param>
          </params>
          <reporter-output>
          </reporter-output>
        </test-method> <!-- springTestContextBeforeTestMethod -->
        <test-method status="PASS" signature="springTestContextAfterTestMethod(java.lang.reflect.Method)[pri:0, instance:com.github.vsspt.common.db.impl.hibernate.tests.GenericDaoObjTest@491cc5c9]" name="springTestContextAfterTestMethod" is-config="true" duration-ms="1" started-at="2015-01-14T14:58:15Z" finished-at="2015-01-14T14:58:15Z">
          <params>
            <param index="0">
              <value>
                <![CDATA[public void com.github.vsspt.common.db.impl.hibernate.tests.GenericDaoObjTest.testAnd() throws java.text.ParseException]]>
              </value>
            </param>
          </params>
          <reporter-output>
          </reporter-output>
        </test-method> <!-- springTestContextAfterTestMethod -->
        <test-method status="PASS" signature="testOr()[pri:0, instance:com.github.vsspt.common.db.impl.hibernate.tests.GenericDaoObjTest@491cc5c9]" name="testOr" duration-ms="7" started-at="2015-01-14T14:58:15Z" finished-at="2015-01-14T14:58:15Z">
          <reporter-output>
          </reporter-output>
        </test-method> <!-- testOr -->
        <test-method status="PASS" signature="springTestContextBeforeTestMethod(java.lang.reflect.Method)[pri:0, instance:com.github.vsspt.common.db.impl.hibernate.tests.GenericDaoObjTest@491cc5c9]" name="springTestContextBeforeTestMethod" is-config="true" duration-ms="0" started-at="2015-01-14T14:58:15Z" finished-at="2015-01-14T14:58:15Z">
          <params>
            <param index="0">
              <value>
                <![CDATA[public void com.github.vsspt.common.db.impl.hibernate.tests.GenericDaoObjTest.testOr() throws java.text.ParseException]]>
              </value>
            </param>
          </params>
          <reporter-output>
          </reporter-output>
        </test-method> <!-- springTestContextBeforeTestMethod -->
        <test-method status="PASS" signature="springTestContextAfterTestMethod(java.lang.reflect.Method)[pri:0, instance:com.github.vsspt.common.db.impl.hibernate.tests.GenericDaoObjTest@491cc5c9]" name="springTestContextAfterTestMethod" is-config="true" duration-ms="1" started-at="2015-01-14T14:58:15Z" finished-at="2015-01-14T14:58:15Z">
          <params>
            <param index="0">
              <value>
                <![CDATA[public void com.github.vsspt.common.db.impl.hibernate.tests.GenericDaoObjTest.testOr() throws java.text.ParseException]]>
              </value>
            </param>
          </params>
          <reporter-output>
          </reporter-output>
        </test-method> <!-- springTestContextAfterTestMethod -->
        <test-method status="PASS" signature="springTestContextBeforeTestMethod(java.lang.reflect.Method)[pri:0, instance:com.github.vsspt.common.db.impl.hibernate.tests.GenericDaoObjTest@491cc5c9]" name="springTestContextBeforeTestMethod" is-config="true" duration-ms="0" started-at="2015-01-14T14:58:15Z" finished-at="2015-01-14T14:58:15Z">
          <params>
            <param index="0">
              <value>
                <![CDATA[public void com.github.vsspt.common.db.impl.hibernate.tests.GenericDaoObjTest.testBetween() throws java.text.ParseException]]>
              </value>
            </param>
          </params>
          <reporter-output>
          </reporter-output>
        </test-method> <!-- springTestContextBeforeTestMethod -->
        <test-method status="PASS" signature="testBetween()[pri:0, instance:com.github.vsspt.common.db.impl.hibernate.tests.GenericDaoObjTest@491cc5c9]" name="testBetween" duration-ms="10" started-at="2015-01-14T14:58:15Z" finished-at="2015-01-14T14:58:15Z">
          <reporter-output>
          </reporter-output>
        </test-method> <!-- testBetween -->
        <test-method status="PASS" signature="springTestContextBeforeTestMethod(java.lang.reflect.Method)[pri:0, instance:com.github.vsspt.common.db.impl.hibernate.tests.GenericDaoObjTest@491cc5c9]" name="springTestContextBeforeTestMethod" is-config="true" duration-ms="1" started-at="2015-01-14T14:58:15Z" finished-at="2015-01-14T14:58:15Z">
          <params>
            <param index="0">
              <value>
                <![CDATA[public void com.github.vsspt.common.db.impl.hibernate.tests.GenericDaoObjTest.testDisjunction()]]>
              </value>
            </param>
          </params>
          <reporter-output>
          </reporter-output>
        </test-method> <!-- springTestContextBeforeTestMethod -->
        <test-method status="PASS" signature="springTestContextAfterTestMethod(java.lang.reflect.Method)[pri:0, instance:com.github.vsspt.common.db.impl.hibernate.tests.GenericDaoObjTest@491cc5c9]" name="springTestContextAfterTestMethod" is-config="true" duration-ms="0" started-at="2015-01-14T14:58:15Z" finished-at="2015-01-14T14:58:15Z">
          <params>
            <param index="0">
              <value>
                <![CDATA[public void com.github.vsspt.common.db.impl.hibernate.tests.GenericDaoObjTest.testBetween() throws java.text.ParseException]]>
              </value>
            </param>
          </params>
          <reporter-output>
          </reporter-output>
        </test-method> <!-- springTestContextAfterTestMethod -->
        <test-method status="PASS" signature="testDisjunction()[pri:0, instance:com.github.vsspt.common.db.impl.hibernate.tests.GenericDaoObjTest@491cc5c9]" name="testDisjunction" duration-ms="10" started-at="2015-01-14T14:58:15Z" finished-at="2015-01-14T14:58:15Z">
          <reporter-output>
          </reporter-output>
        </test-method> <!-- testDisjunction -->
        <test-method status="PASS" signature="springTestContextBeforeTestMethod(java.lang.reflect.Method)[pri:0, instance:com.github.vsspt.common.db.impl.hibernate.tests.GenericDaoObjTest@491cc5c9]" name="springTestContextBeforeTestMethod" is-config="true" duration-ms="0" started-at="2015-01-14T14:58:15Z" finished-at="2015-01-14T14:58:15Z">
          <params>
            <param index="0">
              <value>
                <![CDATA[public void com.github.vsspt.common.db.impl.hibernate.tests.GenericDaoObjTest.testLike()]]>
              </value>
            </param>
          </params>
          <reporter-output>
          </reporter-output>
        </test-method> <!-- springTestContextBeforeTestMethod -->
        <test-method status="PASS" signature="testLike()[pri:0, instance:com.github.vsspt.common.db.impl.hibernate.tests.GenericDaoObjTest@491cc5c9]" name="testLike" duration-ms="14" started-at="2015-01-14T14:58:15Z" finished-at="2015-01-14T14:58:15Z">
          <reporter-output>
          </reporter-output>
        </test-method> <!-- testLike -->
        <test-method status="PASS" signature="springTestContextAfterTestMethod(java.lang.reflect.Method)[pri:0, instance:com.github.vsspt.common.db.impl.hibernate.tests.GenericDaoObjTest@491cc5c9]" name="springTestContextAfterTestMethod" is-config="true" duration-ms="0" started-at="2015-01-14T14:58:15Z" finished-at="2015-01-14T14:58:15Z">
          <params>
            <param index="0">
              <value>
                <![CDATA[public void com.github.vsspt.common.db.impl.hibernate.tests.GenericDaoObjTest.testDisjunction()]]>
              </value>
            </param>
          </params>
          <reporter-output>
          </reporter-output>
        </test-method> <!-- springTestContextAfterTestMethod -->
        <test-method status="PASS" signature="springTestContextAfterTestMethod(java.lang.reflect.Method)[pri:0, instance:com.github.vsspt.common.db.impl.hibernate.tests.GenericDaoObjTest@491cc5c9]" name="springTestContextAfterTestMethod" is-config="true" duration-ms="1" started-at="2015-01-14T14:58:15Z" finished-at="2015-01-14T14:58:15Z">
          <params>
            <param index="0">
              <value>
                <![CDATA[public void com.github.vsspt.common.db.impl.hibernate.tests.GenericDaoObjTest.testLike()]]>
              </value>
            </param>
          </params>
          <reporter-output>
          </reporter-output>
        </test-method> <!-- springTestContextAfterTestMethod -->
        <test-method status="PASS" signature="springTestContextAfterTestClass()[pri:0, instance:com.github.vsspt.common.db.impl.hibernate.tests.GenericDaoObjTest@491cc5c9]" name="springTestContextAfterTestClass" is-config="true" duration-ms="0" started-at="2015-01-14T14:58:15Z" finished-at="2015-01-14T14:58:15Z">
          <reporter-output>
          </reporter-output>
        </test-method> <!-- springTestContextAfterTestClass -->
      </class> <!-- com.github.vsspt.common.db.impl.hibernate.tests.GenericDaoObjTest -->
    </test> <!-- DomainObjectFactoryTests -->
  </suite> <!-- db-dao-generic-impl-hibernate -->
</testng-results>
